<?xml version="1.0" encoding="UTF-8"?>
<testng-results skipped="0" failed="0" ignored="0" total="1" passed="1">
  <reporter-output>
  </reporter-output>
  <suite name="Command line suite" duration-ms="15967" started-at="2022-06-03T20:24:13 IST" finished-at="2022-06-03T20:24:29 IST">
    <groups>
      <group name="cucumber">
        <method signature="AbstractTestNGCucumberTests.runScenario(io.cucumber.testng.PickleWrapper,io.cucumber.testng.FeatureWrapper)[pri:0, instance:cucumberOptions.TestNGTestRunnerClass@1500955a]" name="runScenario" class="io.cucumber.testng.AbstractTestNGCucumberTests"/>
      </group> <!-- cucumber -->
    </groups>
    <test name="Command line test" duration-ms="15967" started-at="2022-06-03T20:24:13 IST" finished-at="2022-06-03T20:24:29 IST">
      <class name="cucumberOptions.TestNGTestRunnerClass">
        <test-method status="PASS" signature="setUpClass(org.testng.ITestContext)[pri:0, instance:cucumberOptions.TestNGTestRunnerClass@1500955a]" name="setUpClass" is-config="true" duration-ms="947" started-at="2022-06-03T20:24:13 IST" finished-at="2022-06-03T20:24:14 IST">
          <params>
            <param index="0">
              <value>
                <![CDATA[org.testng.TestRunner@7b676112]]>
              </value>
            </param>
          </params>
          <reporter-output>
          </reporter-output>
        </test-method> <!-- setUpClass -->
        <test-method status="PASS" signature="runScenario(io.cucumber.testng.PickleWrapper,io.cucumber.testng.FeatureWrapper)[pri:0, instance:cucumberOptions.TestNGTestRunnerClass@1500955a]" name="runScenario" duration-ms="14582" started-at="2022-06-03T20:24:14 IST" description="Runs Cucumber Scenarios" data-provider="scenarios" finished-at="2022-06-03T20:24:29 IST">
          <params>
            <param index="0">
              <value>
                <![CDATA["Search product on both home and offers page"]]>
              </value>
            </param>
            <param index="1">
              <value>
                <![CDATA["Search product functionality"]]>
              </value>
            </param>
          </params>
          <reporter-output>
          </reporter-output>
        </test-method> <!-- runScenario -->
        <test-method status="PASS" signature="tearDownClass()[pri:0, instance:cucumberOptions.TestNGTestRunnerClass@1500955a]" name="tearDownClass" is-config="true" duration-ms="403" started-at="2022-06-03T20:24:29 IST" finished-at="2022-06-03T20:24:29 IST">
          <reporter-output>
          </reporter-output>
        </test-method> <!-- tearDownClass -->
      </class> <!-- cucumberOptions.TestNGTestRunnerClass -->
    </test> <!-- Command line test -->
  </suite> <!-- Command line suite -->
</testng-results>
